<?xml version="1.0" encoding="UTF-8"?>
<testsuite xmlns:xsi="http://www.w3.org/2001/XMLSchema-instance" xsi:noNamespaceSchemaLocation="https://maven.apache.org/surefire/maven-surefire-plugin/xsd/surefire-test-report-3.0.xsd" version="3.0" name="com.example.AppTest" time="0.029" tests="1" errors="0" skipped="0" failures="0">
  <properties>
    <property name="java.specification.version" value="20"/>
    <property name="sun.cpu.isalist" value="amd64"/>
    <property name="sun.jnu.encoding" value="MS932"/>
    <property name="java.class.path" value="C:\Users\okk\Desktop\programming_languages\github_workspace\my-app\target\test-classes;C:\Users\okk\Desktop\programming_languages\github_workspace\my-app\target\classes;C:\Users\okk\.m2\repository\junit\junit\3.8.1\junit-3.8.1.jar;"/>
    <property name="java.vm.vendor" value="Oracle Corporation"/>
    <property name="sun.arch.data.model" value="64"/>
    <property name="user.variant" value=""/>
    <property name="java.vendor.url" value="https://java.oracle.com/"/>
    <property name="user.timezone" value="Asia/Tokyo"/>
    <property name="os.name" value="Windows 10"/>
    <property name="java.vm.specification.version" value="20"/>
    <property name="sun.java.launcher" value="SUN_STANDARD"/>
    <property name="user.country" value="JP"/>
    <property name="sun.boot.library.path" value="C:\Program Files\Java\jdk-20\bin"/>
    <property name="sun.java.command" value="C:\Users\okk\AppData\Local\Temp\surefire11804262414787581336\surefirebooter-20240618223449206_3.jar C:\Users\okk\AppData\Local\Temp\surefire11804262414787581336 2024-06-18T22-34-49_033-jvmRun1 surefire-20240618223449206_1tmp surefire_0-20240618223449206_2tmp"/>
    <property name="jdk.debug" value="release"/>
    <property name="surefire.test.class.path" value="C:\Users\okk\Desktop\programming_languages\github_workspace\my-app\target\test-classes;C:\Users\okk\Desktop\programming_languages\github_workspace\my-app\target\classes;C:\Users\okk\.m2\repository\junit\junit\3.8.1\junit-3.8.1.jar;"/>
    <property name="sun.cpu.endian" value="little"/>
    <property name="user.home" value="C:\Users\okk"/>
    <property name="user.language" value="ja"/>
    <property name="java.specification.vendor" value="Oracle Corporation"/>
    <property name="java.version.date" value="2023-04-18"/>
    <property name="java.home" value="C:\Program Files\Java\jdk-20"/>
    <property name="file.separator" value="\"/>
    <property name="basedir" value="C:\Users\okk\Desktop\programming_languages\github_workspace\my-app"/>
    <property name="java.vm.compressedOopsMode" value="32-bit"/>
    <property name="line.separator" value="&#10;"/>
    <property name="java.vm.specification.vendor" value="Oracle Corporation"/>
    <property name="java.specification.name" value="Java Platform API Specification"/>
    <property name="surefire.real.class.path" value="C:\Users\okk\AppData\Local\Temp\surefire11804262414787581336\surefirebooter-20240618223449206_3.jar"/>
    <property name="user.script" value=""/>
    <property name="sun.management.compiler" value="HotSpot 64-Bit Tiered Compilers"/>
    <property name="java.runtime.version" value="20.0.1+9-29"/>
    <property name="user.name" value="okk"/>
    <property name="stdout.encoding" value="MS932"/>
    <property name="path.separator" value=";"/>
    <property name="os.version" value="10.0"/>
    <property name="java.runtime.name" value="Java(TM) SE Runtime Environment"/>
    <property name="file.encoding" value="UTF-8"/>
    <property name="java.vm.name" value="Java HotSpot(TM) 64-Bit Server VM"/>
    <property name="localRepository" value="C:\Users\okk\.m2\repository"/>
    <property name="java.vendor.url.bug" value="https://bugreport.java.com/bugreport/"/>
    <property name="java.io.tmpdir" value="C:\Users\okk\AppData\Local\Temp\"/>
    <property name="java.version" value="20.0.1"/>
    <property name="user.dir" value="C:\Users\okk\Desktop\programming_languages\github_workspace\my-app"/>
    <property name="os.arch" value="amd64"/>
    <property name="java.vm.specification.name" value="Java Virtual Machine Specification"/>
    <property name="sun.os.patch.level" value=""/>
    <property name="native.encoding" value="MS932"/>
    <property name="java.library.path" value="C:\Program Files\Java\jdk-20\bin;C:\WINDOWS\Sun\Java\bin;C:\WINDOWS\system32;C:\WINDOWS;C:\Program Files\Microsoft\jdk-11.0.16.101-hotspot\bin;C:\Program Files\Common Files\Oracle\Java\javapath;C:\Program Files (x86)\Intel\iCLS Client\;C:\Program Files\Intel\iCLS Client\;C:\WINDOWS\system32;C:\WINDOWS;C:\WINDOWS\System32\Wbem;C:\WINDOWS\System32\WindowsPowerShell\v1.0\;C:\WINDOWS\System32\OpenSSH\;C:\Program Files (x86)\Intel\Intel(R) Management Engine Components\DAL;C:\Program Files\Intel\Intel(R) Management Engine Components\DAL;C:\Program Files (x86)\Intel\Intel(R) Management Engine Components\IPT;C:\Program Files\Intel\Intel(R) Management Engine Components\IPT;C:\Program Files\Git\cmd;C:\Users\okk\Downloads\Release-23.01.0-0\poppler-23.01.0\Library\bin;C:\Program Files\Graphviz\bin;C:\Program Files\Microsoft SQL Server\150\Tools\Binn\;C:\Program Files\Microsoft SQL Server\Client SDK\ODBC\170\Tools\Binn\;C:\Program Files\dotnet\;C:\Program Files\Java\jdk-20\bin;C:\Program Files\javafx-sdk-20.0.1\bin;C:\Users\okk\Downloads\apache-maven-3.9.3-bin\apache-maven-3.9.3\bin;C:\Program Files\nodejs\;C:\PROGRA~1\JPKI;C:\Program Files\GitHub CLI\;C:\Users\okk\AppData\Local\Programs\Python\Python311\Scripts\;C:\Users\okk\AppData\Local\Programs\Python\Python311\;C:\Users\okk\AppData\Local\Microsoft\WindowsApps;C:\Users\okk\AppData\Local\Programs\Microsoft VS Code\bin;C:\Users\okk\.dotnet\tools;C:\Program Files\NASM;C:\Users\okk\Desktop\batFolder;C:\masm32\bin;C:\Program Files\mingw64\bin;C:\iverilog\bin;C:\iverilog\gtkwave\bin;C:\Users\okk\AppData\Roaming\npm;C:\Users\okk\Downloads\ghidra_11.0.1_PUBLIC_20240130\ghidra_11.0.1_PUBLIC;C:\Users\okk\Desktop\programming_languages\c_languages\c_language\c_language_templates;C:\Users\okk\Desktop\gdb\gimp;C:\Users\okk\Downloads\stir131;C:\Users\okk\composer;C:\Users\okk\Downloads\sqlite-tools-win-x64-3450300;C:\Users\okk\Desktop\programming_languages\php_languages\phpunit_test\vendor\bin;C:\Users\okk\vendor\bin;C:\Users\okk\AppData\Roaming\Composer\bin;C:\xampp\php;C:\Users\okk\AppData\Local\Programs\Fiddler;C:\Users\okk\AppData\Roaming\GitHub CLI;C:\Users\okk\Downloads\gradle-8.8-bin\gradle-8.8\bin;;."/>
    <property name="java.vm.info" value="mixed mode, sharing"/>
    <property name="stderr.encoding" value="MS932"/>
    <property name="java.vendor" value="Oracle Corporation"/>
    <property name="java.vm.version" value="20.0.1+9-29"/>
    <property name="sun.io.unicode.encoding" value="UnicodeLittle"/>
    <property name="java.class.version" value="64.0"/>
  </properties>
  <testcase name="testApp" classname="com.example.AppTest" time="0.003"/>
</testsuite>